0 info it worked if it ends with ok
1 verbose cli [ 'node', '/usr/local/bin/npm', 'install', 'connect', '--save' ]
2 info using npm@1.4.28
3 info using node@v0.10.32
4 warn package.json pubsub@0.0.0 No README data
5 verbose readDependencies using package.json deps
6 verbose cache add [ 'connect', null ]
7 verbose cache add name=undefined spec="connect" args=["connect",null]
8 verbose parsed url { protocol: null,
8 verbose parsed url   slashes: null,
8 verbose parsed url   auth: null,
8 verbose parsed url   host: null,
8 verbose parsed url   port: null,
8 verbose parsed url   hostname: null,
8 verbose parsed url   hash: null,
8 verbose parsed url   search: null,
8 verbose parsed url   query: null,
8 verbose parsed url   pathname: 'connect',
8 verbose parsed url   path: 'connect',
8 verbose parsed url   href: 'connect' }
9 silly lockFile f11a107f-connect connect
10 verbose lock connect /Users/elviocavalcante/.npm/f11a107f-connect.lock
11 silly lockFile f11a107f-connect connect
12 silly lockFile f11a107f-connect connect
13 verbose addNamed [ 'connect', '' ]
14 verbose addNamed [ null, '*' ]
15 silly lockFile 6c45e0f3-connect connect@
16 verbose lock connect@ /Users/elviocavalcante/.npm/6c45e0f3-connect.lock
17 silly addNameRange { name: 'connect', range: '*', hasData: false }
18 verbose request where is /connect
19 verbose request registry https://registry.npmjs.org/
20 verbose request id 01d1fcd4865104af
21 verbose url raw /connect
22 verbose url resolving [ 'https://registry.npmjs.org/', './connect' ]
23 verbose url resolved https://registry.npmjs.org/connect
24 verbose request where is https://registry.npmjs.org/connect
25 info trying registry request attempt 1 at 01:48:06
26 verbose etag "2SHP7HQYE35CPO9061IZJEK6H"
27 http GET https://registry.npmjs.org/connect
28 http 200 https://registry.npmjs.org/connect
29 silly registry.get cb [ 200,
29 silly registry.get   { date: 'Fri, 13 Mar 2015 04:48:07 GMT',
29 silly registry.get     server: 'CouchDB/1.5.0 (Erlang OTP/R16B03)',
29 silly registry.get     etag: '"7F02QRWNDZEPA4GQQDSVJSZSO"',
29 silly registry.get     'content-type': 'application/json',
29 silly registry.get     'cache-control': 'max-age=60',
29 silly registry.get     'content-length': '316443',
29 silly registry.get     'accept-ranges': 'bytes',
29 silly registry.get     via: '1.1 varnish',
29 silly registry.get     age: '0',
29 silly registry.get     'x-served-by': 'cache-atl6228-ATL',
29 silly registry.get     'x-cache': 'HIT',
29 silly registry.get     'x-cache-hits': '1',
29 silly registry.get     'x-timer': 'S1426222087.345544,VS0,VE76',
29 silly registry.get     vary: 'Accept',
29 silly registry.get     'keep-alive': 'timeout=10, max=50',
29 silly registry.get     connection: 'Keep-Alive' } ]
30 silly addNameRange number 2 { name: 'connect', range: '*', hasData: true }
31 silly addNameRange versions [ 'connect',
31 silly addNameRange   [ '0.0.1',
31 silly addNameRange     '0.0.2',
31 silly addNameRange     '0.0.3',
31 silly addNameRange     '0.0.4',
31 silly addNameRange     '0.0.5',
31 silly addNameRange     '0.0.6',
31 silly addNameRange     '0.1.0',
31 silly addNameRange     '0.2.0',
31 silly addNameRange     '0.2.1',
31 silly addNameRange     '0.2.2',
31 silly addNameRange     '0.2.3',
31 silly addNameRange     '0.2.4',
31 silly addNameRange     '0.2.5',
31 silly addNameRange     '0.2.6',
31 silly addNameRange     '0.2.7',
31 silly addNameRange     '0.3.0',
31 silly addNameRange     '0.4.0',
31 silly addNameRange     '0.5.0',
31 silly addNameRange     '0.5.1',
31 silly addNameRange     '0.5.2',
31 silly addNameRange     '0.5.3',
31 silly addNameRange     '0.5.4',
31 silly addNameRange     '0.5.5',
31 silly addNameRange     '0.5.6',
31 silly addNameRange     '0.5.7',
31 silly addNameRange     '0.5.8',
31 silly addNameRange     '0.5.9',
31 silly addNameRange     '0.5.10',
31 silly addNameRange     '1.0.0',
31 silly addNameRange     '1.0.1',
31 silly addNameRange     '1.0.2',
31 silly addNameRange     '1.0.3',
31 silly addNameRange     '1.0.4',
31 silly addNameRange     '1.0.5',
31 silly addNameRange     '1.0.6',
31 silly addNameRange     '1.1.0',
31 silly addNameRange     '1.1.1',
31 silly addNameRange     '1.1.2',
31 silly addNameRange     '1.1.3',
31 silly addNameRange     '1.1.4',
31 silly addNameRange     '1.1.5',
31 silly addNameRange     '1.2.0',
31 silly addNameRange     '1.2.1',
31 silly addNameRange     '1.2.2',
31 silly addNameRange     '1.2.3',
31 silly addNameRange     '1.3.0',
31 silly addNameRange     '1.4.0',
31 silly addNameRange     '1.4.1',
31 silly addNameRange     '1.4.2',
31 silly addNameRange     '1.4.3',
31 silly addNameRange     '1.4.4',
31 silly addNameRange     '1.4.5',
31 silly addNameRange     '1.4.6',
31 silly addNameRange     '1.5.0',
31 silly addNameRange     '1.5.1',
31 silly addNameRange     '1.5.2',
31 silly addNameRange     '1.6.0',
31 silly addNameRange     '1.6.1',
31 silly addNameRange     '1.6.2',
31 silly addNameRange     '1.6.3',
31 silly addNameRange     '1.6.4',
31 silly addNameRange     '1.7.0',
31 silly addNameRange     '1.7.1',
31 silly addNameRange     '1.7.2',
31 silly addNameRange     '1.7.3',
31 silly addNameRange     '1.8.0',
31 silly addNameRange     '1.8.1',
31 silly addNameRange     '1.8.2',
31 silly addNameRange     '1.8.3',
31 silly addNameRange     '1.8.4',
31 silly addNameRange     '1.8.5',
31 silly addNameRange     '2.0.0',
31 silly addNameRange     '2.0.1',
31 silly addNameRange     '2.0.2',
31 silly addNameRange     '2.0.3',
31 silly addNameRange     '1.8.6',
31 silly addNameRange     '2.1.0',
31 silly addNameRange     '2.1.1',
31 silly addNameRange     '2.1.2',
31 silly addNameRange     '1.8.7',
31 silly addNameRange     '2.1.3',
31 silly addNameRange     '2.2.0',
31 silly addNameRange     '2.2.1',
31 silly addNameRange     '2.2.2',
31 silly addNameRange     '2.3.0',
31 silly addNameRange     '2.3.1',
31 silly addNameRange     '2.3.2',
31 silly addNameRange     '2.3.3',
31 silly addNameRange     '1.9.0',
31 silly addNameRange     '1.9.1',
31 silly addNameRange     '2.3.4',
31 silly addNameRange     '2.3.5',
31 silly addNameRange     '2.3.6',
31 silly addNameRange     '2.3.7',
31 silly addNameRange     '1.9.2',
31 silly addNameRange     '2.3.8',
31 silly addNameRange     '2.3.9',
31 silly addNameRange     '2.4.0',
31 silly addNameRange     '2.4.1',
31 silly addNameRange     '2.4.2',
31 silly addNameRange     '2.4.3',
31 silly addNameRange     '2.4.4',
31 silly addNameRange     '2.4.5',
31 silly addNameRange     '2.4.6',
31 silly addNameRange     '2.5.0',
31 silly addNameRange     '2.6.0',
31 silly addNameRange     '2.6.1',
31 silly addNameRange     '2.6.2',
31 silly addNameRange     '2.7.0',
31 silly addNameRange     '2.7.1',
31 silly addNameRange     '2.7.2',
31 silly addNameRange     '2.7.3',
31 silly addNameRange     '2.7.4',
31 silly addNameRange     '2.7.5',
31 silly addNameRange     '2.7.6',
31 silly addNameRange     '2.7.7',
31 silly addNameRange     '2.7.8',
31 silly addNameRange     '2.7.9',
31 silly addNameRange     '2.7.10',
31 silly addNameRange     '2.7.11',
31 silly addNameRange     '2.8.0',
31 silly addNameRange     '2.8.1',
31 silly addNameRange     '2.8.2',
31 silly addNameRange     '2.8.3',
31 silly addNameRange     '2.8.4',
31 silly addNameRange     '2.8.5',
31 silly addNameRange     '2.8.6',
31 silly addNameRange     '2.8.7',
31 silly addNameRange     '2.8.8',
31 silly addNameRange     '2.9.0',
31 silly addNameRange     '2.9.1',
31 silly addNameRange     '2.9.2',
31 silly addNameRange     '2.10.0',
31 silly addNameRange     '2.10.1',
31 silly addNameRange     '2.11.0',
31 silly addNameRange     '2.11.1',
31 silly addNameRange     '2.11.2',
31 silly addNameRange     '2.12.0',
31 silly addNameRange     '2.13.0',
31 silly addNameRange     '2.13.1',
31 silly addNameRange     '2.14.0',
31 silly addNameRange     '2.14.1',
31 silly addNameRange     '3.0.0-rc.1',
31 silly addNameRange     '2.14.2',
31 silly addNameRange     '2.14.3',
31 silly addNameRange     '2.14.4',
31 silly addNameRange     '2.14.5',
31 silly addNameRange     '2.15.0',
31 silly addNameRange     '3.0.0-rc.2',
31 silly addNameRange     '2.16.0',
31 silly addNameRange     '2.16.1',
31 silly addNameRange     '2.16.2',
31 silly addNameRange     '2.17.0',
31 silly addNameRange     '2.17.1',
31 silly addNameRange     '2.17.2',
31 silly addNameRange     '2.17.3',
31 silly addNameRange     '2.18.0',
31 silly addNameRange     '3.0.0',
31 silly addNameRange     '2.19.0',
31 silly addNameRange     '2.19.1',
31 silly addNameRange     '2.19.2',
31 silly addNameRange     '2.19.3',
31 silly addNameRange     '2.19.4',
31 silly addNameRange     '2.19.5',
31 silly addNameRange     '2.19.6',
31 silly addNameRange     '2.20.0',
31 silly addNameRange     '2.20.1',
31 silly addNameRange     '2.20.2',
31 silly addNameRange     '3.0.1',
31 silly addNameRange     '2.21.0',
31 silly addNameRange     '2.21.1',
31 silly addNameRange     '2.22.0',
31 silly addNameRange     '2.23.0',
31 silly addNameRange     '3.0.2',
31 silly addNameRange     '2.24.0',
31 silly addNameRange     '3.1.0',
31 silly addNameRange     '2.24.1',
31 silly addNameRange     '2.24.2',
31 silly addNameRange     '2.24.3',
31 silly addNameRange     '2.25.0',
31 silly addNameRange     '2.25.1',
31 silly addNameRange     '2.25.2',
31 silly addNameRange     '2.25.3',
31 silly addNameRange     '2.25.4',
31 silly addNameRange     '3.1.1',
31 silly addNameRange     '2.25.5',
31 silly addNameRange     '2.25.6',
31 silly addNameRange     '2.25.7',
31 silly addNameRange     '2.25.8',
31 silly addNameRange     '2.25.9',
31 silly addNameRange     '2.25.10',
31 silly addNameRange     '2.26.0',
31 silly addNameRange     '3.2.0',
31 silly addNameRange     '2.26.1',
31 silly addNameRange     '2.26.2',
31 silly addNameRange     '2.26.3',
31 silly addNameRange     '2.26.4',
31 silly addNameRange     '2.26.5',
31 silly addNameRange     '2.26.6',
31 silly addNameRange     '2.27.0',
31 silly addNameRange     '3.3.0',
31 silly addNameRange     '2.27.1',
31 silly addNameRange     '3.3.1',
31 silly addNameRange     '2.27.2',
31 silly addNameRange     '3.3.2',
31 silly addNameRange     '2.27.3',
31 silly addNameRange     '3.3.3',
31 silly addNameRange     '2.27.4',
31 silly addNameRange     '2.27.5',
31 silly addNameRange     '2.27.6',
31 silly addNameRange     '2.28.0',
31 silly addNameRange     '3.3.4',
31 silly addNameRange     '2.28.1',
31 silly addNameRange     '2.28.2',
31 silly addNameRange     '2.28.3',
31 silly addNameRange     '2.29.0' ] ]
32 verbose addNamed [ 'connect', '3.3.4' ]
33 verbose addNamed [ '3.3.4', '3.3.4' ]
34 silly lockFile d5560a75-connect-3-3-4 connect@3.3.4
35 verbose lock connect@3.3.4 /Users/elviocavalcante/.npm/d5560a75-connect-3-3-4.lock
36 silly lockFile 1e564a59-js-org-connect-connect-3-3-4-tgz https://registry.npmjs.org/connect/-/connect-3.3.4.tgz
37 verbose lock https://registry.npmjs.org/connect/-/connect-3.3.4.tgz /Users/elviocavalcante/.npm/1e564a59-js-org-connect-connect-3-3-4-tgz.lock
38 verbose addRemoteTarball [ 'https://registry.npmjs.org/connect/-/connect-3.3.4.tgz',
38 verbose addRemoteTarball   'c4d6385e06c75885d8b4f2d276a374e2d8fbe23e' ]
39 info retry fetch attempt 1 at 01:48:08
40 verbose fetch to= /var/folders/_w/gpl0mv21335gysdjh8nr2zk40000gp/T/npm-78795-LP4jzn0X/registry.npmjs.org/connect/-/connect-3.3.4.tgz
41 http GET https://registry.npmjs.org/connect/-/connect-3.3.4.tgz
42 http 200 https://registry.npmjs.org/connect/-/connect-3.3.4.tgz
43 silly lockFile 1e564a59-js-org-connect-connect-3-3-4-tgz https://registry.npmjs.org/connect/-/connect-3.3.4.tgz
44 silly lockFile 1e564a59-js-org-connect-connect-3-3-4-tgz https://registry.npmjs.org/connect/-/connect-3.3.4.tgz
45 silly lockFile d5560a75-connect-3-3-4 connect@3.3.4
46 silly lockFile d5560a75-connect-3-3-4 connect@3.3.4
47 silly lockFile 6c45e0f3-connect connect@
48 silly lockFile 6c45e0f3-connect connect@
49 error Error: EACCES, mkdir '/Users/elviocavalcante/.npm/connect/3.3.4'
49 error  { [Error: EACCES, mkdir '/Users/elviocavalcante/.npm/connect/3.3.4']
49 error   errno: 3,
49 error   code: 'EACCES',
49 error   path: '/Users/elviocavalcante/.npm/connect/3.3.4',
49 error   parent: 'pubsub' }
50 error Please try running this command again as root/Administrator.
51 error System Darwin 14.1.0
52 error command "node" "/usr/local/bin/npm" "install" "connect" "--save"
53 error cwd /Users/elviocavalcante/Dropbox/Estudos/NodeJS/exercises/soup-to-bits/real-time-web-nodejs/pubsub
54 error node -v v0.10.32
55 error npm -v 1.4.28
56 error path /Users/elviocavalcante/.npm/connect/3.3.4
57 error code EACCES
58 error errno 3
59 error stack Error: EACCES, mkdir '/Users/elviocavalcante/.npm/connect/3.3.4'
60 verbose exit [ 3, true ]
